[debug] [2022-05-28T09:08:13.104Z] ----------------------------------------------------------------------
[debug] [2022-05-28T09:08:13.106Z] Command:       C:\Program Files\nodejs\node.exe C:\Users\hhera\AppData\Roaming\npm\node_modules\firebase-tools\lib\bin\firebase.js deploy
[debug] [2022-05-28T09:08:13.107Z] CLI Version:   10.8.0
[debug] [2022-05-28T09:08:13.107Z] Platform:      win32
[debug] [2022-05-28T09:08:13.107Z] Node Version:  v16.13.2
[debug] [2022-05-28T09:08:13.117Z] Time:          Sat May 28 2022 15:08:13 GMT+0600 (Bangladesh Standard Time)
[debug] [2022-05-28T09:08:13.117Z] ----------------------------------------------------------------------
[debug] 
[debug] [2022-05-28T09:08:13.190Z] > command requires scopes: ["email","openid","https://www.googleapis.com/auth/cloudplatformprojects.readonly","https://www.googleapis.com/auth/firebase","https://www.googleapis.com/auth/cloud-platform"]
[debug] [2022-05-28T09:08:13.190Z] > authorizing via signed-in user (hhera1413@gmail.com)
[debug] [2022-05-28T09:08:13.191Z] [iam] checking project manufacture-site-12 for permissions ["firebase.projects.get","firebasehosting.sites.update"]
[debug] [2022-05-28T09:08:13.193Z] > refreshing access token with scopes: []
[debug] [2022-05-28T09:08:13.193Z] >>> HTTP REQUEST POST https://www.googleapis.com/oauth2/v3/token  
 <request body omitted>
[debug] [2022-05-28T09:08:13.586Z] <<< HTTP RESPONSE 200 {"expires":"Mon, 01 Jan 1990 00:00:00 GMT","date":"Sat, 28 May 2022 09:08:14 GMT","pragma":"no-cache","cache-control":"no-cache, no-store, max-age=0, must-revalidate","content-type":"application/json; charset=utf-8","vary":"X-Origin, Referer, Origin,Accept-Encoding","server":"scaffolding on HTTPServer2","x-xss-protection":"0","x-frame-options":"SAMEORIGIN","x-content-type-options":"nosniff","alt-svc":"h3=\":443\"; ma=2592000,h3-29=\":443\"; ma=2592000,h3-Q050=\":443\"; ma=2592000,h3-Q046=\":443\"; ma=2592000,h3-Q043=\":443\"; ma=2592000,quic=\":443\"; ma=2592000; v=\"46,43\"","accept-ranges":"none","transfer-encoding":"chunked"}
[debug] [2022-05-28T09:08:13.606Z] >>> [apiv2][query] POST https://cloudresourcemanager.googleapis.com/v1/projects/manufacture-site-12:testIamPermissions [none]
[debug] [2022-05-28T09:08:13.606Z] >>> [apiv2][body] POST https://cloudresourcemanager.googleapis.com/v1/projects/manufacture-site-12:testIamPermissions {"permissions":["firebase.projects.get","firebasehosting.sites.update"]}
[debug] [2022-05-28T09:08:15.243Z] <<< [apiv2][status] POST https://cloudresourcemanager.googleapis.com/v1/projects/manufacture-site-12:testIamPermissions 200
[debug] [2022-05-28T09:08:15.243Z] <<< [apiv2][body] POST https://cloudresourcemanager.googleapis.com/v1/projects/manufacture-site-12:testIamPermissions {"permissions":["firebase.projects.get","firebasehosting.sites.update"]}
[debug] [2022-05-28T09:08:15.244Z] >>> [apiv2][query] GET https://firebase.googleapis.com/v1beta1/projects/manufacture-site-12 [none]
[debug] [2022-05-28T09:08:15.886Z] <<< [apiv2][status] GET https://firebase.googleapis.com/v1beta1/projects/manufacture-site-12 200
[debug] [2022-05-28T09:08:15.887Z] <<< [apiv2][body] GET https://firebase.googleapis.com/v1beta1/projects/manufacture-site-12 {"projectId":"manufacture-site-12","projectNumber":"807467739106","displayName":"manufacture-site-12","name":"projects/manufacture-site-12","resources":{"hostingSite":"manufacture-site-12"},"state":"ACTIVE"}
[info] 
[info] === Deploying to 'manufacture-site-12'...
[info] 
[info] i  deploying hosting 
[debug] [2022-05-28T09:08:15.891Z] >>> [apiv2][query] GET https://firebase.googleapis.com/v1beta1/projects/manufacture-site-12 [none]
[debug] [2022-05-28T09:08:16.572Z] <<< [apiv2][status] GET https://firebase.googleapis.com/v1beta1/projects/manufacture-site-12 200
[debug] [2022-05-28T09:08:16.572Z] <<< [apiv2][body] GET https://firebase.googleapis.com/v1beta1/projects/manufacture-site-12 {"projectId":"manufacture-site-12","projectNumber":"807467739106","displayName":"manufacture-site-12","name":"projects/manufacture-site-12","resources":{"hostingSite":"manufacture-site-12"},"state":"ACTIVE"}
[debug] [2022-05-28T09:08:16.575Z] >>> [apiv2][query] POST https://firebasehosting.googleapis.com/v1beta1/projects/807467739106/sites/manufacture-site-12/versions [none]
[debug] [2022-05-28T09:08:16.575Z] >>> [apiv2][body] POST https://firebasehosting.googleapis.com/v1beta1/projects/807467739106/sites/manufacture-site-12/versions {"config":{"rewrites":[{"glob":"**","path":"/index.html"}]},"labels":{"deployment-tool":"cli-firebase"}}
[debug] [2022-05-28T09:08:18.737Z] <<< [apiv2][status] POST https://firebasehosting.googleapis.com/v1beta1/projects/807467739106/sites/manufacture-site-12/versions 200
[debug] [2022-05-28T09:08:18.737Z] <<< [apiv2][body] POST https://firebasehosting.googleapis.com/v1beta1/projects/807467739106/sites/manufacture-site-12/versions {"name":"projects/807467739106/sites/manufacture-site-12/versions/d7dac8378060630e","status":"CREATED","config":{"rewrites":[{"glob":"**","path":"/index.html"}]},"labels":{"deployment-tool":"cli-firebase"}}
[info] i  hosting[manufacture-site-12]: beginning deploy... 
[info] i  hosting[manufacture-site-12]: found 16 files in build 
[debug] [2022-05-28T09:08:18.751Z] [hosting] uploading with 200 concurrency
[debug] [2022-05-28T09:08:19.122Z] [hosting] hash cache [YnVpbGQ] stored for 16 files
[debug] [2022-05-28T09:08:19.122Z] [hosting][hash queue][FINAL] {"max":363,"min":2,"avg":36.1875,"active":0,"complete":16,"success":16,"errored":0,"retried":0,"total":16,"elapsed":369}
[debug] [2022-05-28T09:08:19.123Z] >>> [apiv2][query] POST https://firebasehosting.googleapis.com/v1beta1/projects/807467739106/sites/manufacture-site-12/versions/d7dac8378060630e:populateFiles [none]
[debug] [2022-05-28T09:08:19.123Z] >>> [apiv2][body] POST https://firebasehosting.googleapis.com/v1beta1/projects/807467739106/sites/manufacture-site-12/versions/d7dac8378060630e:populateFiles {"files":{"/favicon.ico":"eae62e993eb980ec8a25058c39d5a51feab118bd2100c4deebb2a9c158ec11f9","/logo192.png":"3ee59515172ee198f3be375979df15ac5345183e656720a381b8872b2a39dc8b","/logo512.png":"ee7e2f3fdb8209c4b6fd7bef6ba50d1b9dba30a25bb5c3126df057e1cb6f5331","/manifest.json":"aff3449bdc238776f5d6d967f19ec491b36aed5fb7f23ccff6500736fd58494a","/robots.txt":"bfe106a3fb878dc83461c86818bf74fc1bdc7f28538ba613cd3e775516ce8b49","/asset-manifest.json":"aa83a1059ad1a93b307d9ceedf50c2a47b0bbaf0707f9ee3d15ffaf7b834eb78","/index.html":"a4e7235b732296d8db00d1cffe8f1dc46f234b400c8a422612b317fd34c901c1","/revies.json":"2080e948e800ed6db32dfb13226ece9a509fa9697b1131d13daf9e1a56bee146","/static/js/787.c92f1a6a.chunk.js":"64c2485aaf706aa2a7dc58ff953ad8055e01488cdeb7d698eede6e41daf071e7","/static/js/787.c92f1a6a.chunk.js.map":"0d078bb9cb2f45a736555e609d2835ed63f2bcc0a434a1a8488e915daf3e8ec9","/static/js/main.83bf8260.js.LICENSE.txt":"3b488821473f3b08154a36ee08b4f2f14b6a069c6c543b7bb95d3630aabd2ac5","/static/css/main.fd1f277d.css.map":"874a2d4fe579cd7bf58d406b7deea752dc20460cf587b7b773b0862bbb1f57f3","/static/css/main.fd1f277d.css":"b0f62a20c8e538b2b4caa868b7fc86f7f7093cfe562d56fac8f9516909783c76","/static/js/main.83bf8260.js":"dff9a181d695b53dffaa38072b7272268adf3193464f7356e96d170fe2936de6","/static/media/banner.c3f838a862e1ecc0537d.jpg":"6b207b8e0431d50c87cab20b59f47124f7f10aa5d98e3d1b9cb223697258248d","/static/js/main.83bf8260.js.map":"2cf3ec1cb51710543ae302391d0fd3aef0f8498ebaea8ed807e66bdeb117d730"}}
[debug] [2022-05-28T09:08:20.971Z] <<< [apiv2][status] POST https://firebasehosting.googleapis.com/v1beta1/projects/807467739106/sites/manufacture-site-12/versions/d7dac8378060630e:populateFiles 200
[debug] [2022-05-28T09:08:20.972Z] <<< [apiv2][body] POST https://firebasehosting.googleapis.com/v1beta1/projects/807467739106/sites/manufacture-site-12/versions/d7dac8378060630e:populateFiles {"uploadRequiredHashes":["2cf3ec1cb51710543ae302391d0fd3aef0f8498ebaea8ed807e66bdeb117d730","2080e948e800ed6db32dfb13226ece9a509fa9697b1131d13daf9e1a56bee146","874a2d4fe579cd7bf58d406b7deea752dc20460cf587b7b773b0862bbb1f57f3","a4e7235b732296d8db00d1cffe8f1dc46f234b400c8a422612b317fd34c901c1","b0f62a20c8e538b2b4caa868b7fc86f7f7093cfe562d56fac8f9516909783c76","dff9a181d695b53dffaa38072b7272268adf3193464f7356e96d170fe2936de6","aa83a1059ad1a93b307d9ceedf50c2a47b0bbaf0707f9ee3d15ffaf7b834eb78"],"uploadUrl":"https://upload-firebasehosting.googleapis.com/upload/sites/manufacture-site-12/versions/d7dac8378060630e/files"}
[debug] [2022-05-28T09:08:20.973Z] >>> [apiv2][query] POST https://upload-firebasehosting.googleapis.com/upload/sites/manufacture-site-12/versions/d7dac8378060630e/files/2cf3ec1cb51710543ae302391d0fd3aef0f8498ebaea8ed807e66bdeb117d730 [none]
[debug] [2022-05-28T09:08:20.974Z] >>> [apiv2][body] POST https://upload-firebasehosting.googleapis.com/upload/sites/manufacture-site-12/versions/d7dac8378060630e/files/2cf3ec1cb51710543ae302391d0fd3aef0f8498ebaea8ed807e66bdeb117d730 [stream]
[debug] [2022-05-28T09:08:20.975Z] >>> [apiv2][query] POST https://upload-firebasehosting.googleapis.com/upload/sites/manufacture-site-12/versions/d7dac8378060630e/files/2080e948e800ed6db32dfb13226ece9a509fa9697b1131d13daf9e1a56bee146 [none]
[debug] [2022-05-28T09:08:20.975Z] >>> [apiv2][body] POST https://upload-firebasehosting.googleapis.com/upload/sites/manufacture-site-12/versions/d7dac8378060630e/files/2080e948e800ed6db32dfb13226ece9a509fa9697b1131d13daf9e1a56bee146 [stream]
[debug] [2022-05-28T09:08:20.976Z] >>> [apiv2][query] POST https://upload-firebasehosting.googleapis.com/upload/sites/manufacture-site-12/versions/d7dac8378060630e/files/874a2d4fe579cd7bf58d406b7deea752dc20460cf587b7b773b0862bbb1f57f3 [none]
[debug] [2022-05-28T09:08:20.976Z] >>> [apiv2][body] POST https://upload-firebasehosting.googleapis.com/upload/sites/manufacture-site-12/versions/d7dac8378060630e/files/874a2d4fe579cd7bf58d406b7deea752dc20460cf587b7b773b0862bbb1f57f3 [stream]
[debug] [2022-05-28T09:08:20.978Z] >>> [apiv2][query] POST https://upload-firebasehosting.googleapis.com/upload/sites/manufacture-site-12/versions/d7dac8378060630e/files/a4e7235b732296d8db00d1cffe8f1dc46f234b400c8a422612b317fd34c901c1 [none]
[debug] [2022-05-28T09:08:20.978Z] >>> [apiv2][body] POST https://upload-firebasehosting.googleapis.com/upload/sites/manufacture-site-12/versions/d7dac8378060630e/files/a4e7235b732296d8db00d1cffe8f1dc46f234b400c8a422612b317fd34c901c1 [stream]
[debug] [2022-05-28T09:08:20.979Z] >>> [apiv2][query] POST https://upload-firebasehosting.googleapis.com/upload/sites/manufacture-site-12/versions/d7dac8378060630e/files/b0f62a20c8e538b2b4caa868b7fc86f7f7093cfe562d56fac8f9516909783c76 [none]
[debug] [2022-05-28T09:08:20.979Z] >>> [apiv2][body] POST https://upload-firebasehosting.googleapis.com/upload/sites/manufacture-site-12/versions/d7dac8378060630e/files/b0f62a20c8e538b2b4caa868b7fc86f7f7093cfe562d56fac8f9516909783c76 [stream]
[debug] [2022-05-28T09:08:20.980Z] >>> [apiv2][query] POST https://upload-firebasehosting.googleapis.com/upload/sites/manufacture-site-12/versions/d7dac8378060630e/files/dff9a181d695b53dffaa38072b7272268adf3193464f7356e96d170fe2936de6 [none]
[debug] [2022-05-28T09:08:20.980Z] >>> [apiv2][body] POST https://upload-firebasehosting.googleapis.com/upload/sites/manufacture-site-12/versions/d7dac8378060630e/files/dff9a181d695b53dffaa38072b7272268adf3193464f7356e96d170fe2936de6 [stream]
[debug] [2022-05-28T09:08:20.980Z] >>> [apiv2][query] POST https://upload-firebasehosting.googleapis.com/upload/sites/manufacture-site-12/versions/d7dac8378060630e/files/aa83a1059ad1a93b307d9ceedf50c2a47b0bbaf0707f9ee3d15ffaf7b834eb78 [none]
[debug] [2022-05-28T09:08:20.981Z] >>> [apiv2][body] POST https://upload-firebasehosting.googleapis.com/upload/sites/manufacture-site-12/versions/d7dac8378060630e/files/aa83a1059ad1a93b307d9ceedf50c2a47b0bbaf0707f9ee3d15ffaf7b834eb78 [stream]
[debug] [2022-05-28T09:08:20.982Z] [hosting][populate queue][FINAL] {"max":1852,"min":1852,"avg":1852,"active":0,"complete":1,"success":1,"errored":0,"retried":0,"total":1,"elapsed":1861}
[debug] [2022-05-28T09:08:20.982Z] [hosting] uploads queued: 7
[debug] [2022-05-28T09:08:23.411Z] <<< [apiv2][status] POST https://upload-firebasehosting.googleapis.com/upload/sites/manufacture-site-12/versions/d7dac8378060630e/files/b0f62a20c8e538b2b4caa868b7fc86f7f7093cfe562d56fac8f9516909783c76 200
[debug] [2022-05-28T09:08:23.411Z] <<< [apiv2][body] POST https://upload-firebasehosting.googleapis.com/upload/sites/manufacture-site-12/versions/d7dac8378060630e/files/b0f62a20c8e538b2b4caa868b7fc86f7f7093cfe562d56fac8f9516909783c76 [stream]
[debug] [2022-05-28T09:08:23.700Z] <<< [apiv2][status] POST https://upload-firebasehosting.googleapis.com/upload/sites/manufacture-site-12/versions/d7dac8378060630e/files/aa83a1059ad1a93b307d9ceedf50c2a47b0bbaf0707f9ee3d15ffaf7b834eb78 200
[debug] [2022-05-28T09:08:23.700Z] <<< [apiv2][body] POST https://upload-firebasehosting.googleapis.com/upload/sites/manufacture-site-12/versions/d7dac8378060630e/files/aa83a1059ad1a93b307d9ceedf50c2a47b0bbaf0707f9ee3d15ffaf7b834eb78 [stream]
[debug] [2022-05-28T09:08:23.957Z] <<< [apiv2][status] POST https://upload-firebasehosting.googleapis.com/upload/sites/manufacture-site-12/versions/d7dac8378060630e/files/2080e948e800ed6db32dfb13226ece9a509fa9697b1131d13daf9e1a56bee146 200
[debug] [2022-05-28T09:08:23.957Z] <<< [apiv2][body] POST https://upload-firebasehosting.googleapis.com/upload/sites/manufacture-site-12/versions/d7dac8378060630e/files/2080e948e800ed6db32dfb13226ece9a509fa9697b1131d13daf9e1a56bee146 [stream]
[debug] [2022-05-28T09:08:24.006Z] <<< [apiv2][status] POST https://upload-firebasehosting.googleapis.com/upload/sites/manufacture-site-12/versions/d7dac8378060630e/files/a4e7235b732296d8db00d1cffe8f1dc46f234b400c8a422612b317fd34c901c1 200
[debug] [2022-05-28T09:08:24.006Z] <<< [apiv2][body] POST https://upload-firebasehosting.googleapis.com/upload/sites/manufacture-site-12/versions/d7dac8378060630e/files/a4e7235b732296d8db00d1cffe8f1dc46f234b400c8a422612b317fd34c901c1 [stream]
[debug] [2022-05-28T09:08:24.155Z] <<< [apiv2][status] POST https://upload-firebasehosting.googleapis.com/upload/sites/manufacture-site-12/versions/d7dac8378060630e/files/dff9a181d695b53dffaa38072b7272268adf3193464f7356e96d170fe2936de6 200
[debug] [2022-05-28T09:08:24.155Z] <<< [apiv2][body] POST https://upload-firebasehosting.googleapis.com/upload/sites/manufacture-site-12/versions/d7dac8378060630e/files/dff9a181d695b53dffaa38072b7272268adf3193464f7356e96d170fe2936de6 [stream]
[debug] [2022-05-28T09:08:24.177Z] <<< [apiv2][status] POST https://upload-firebasehosting.googleapis.com/upload/sites/manufacture-site-12/versions/d7dac8378060630e/files/874a2d4fe579cd7bf58d406b7deea752dc20460cf587b7b773b0862bbb1f57f3 200
[debug] [2022-05-28T09:08:24.177Z] <<< [apiv2][body] POST https://upload-firebasehosting.googleapis.com/upload/sites/manufacture-site-12/versions/d7dac8378060630e/files/874a2d4fe579cd7bf58d406b7deea752dc20460cf587b7b773b0862bbb1f57f3 [stream]
[debug] [2022-05-28T09:08:24.857Z] <<< [apiv2][status] POST https://upload-firebasehosting.googleapis.com/upload/sites/manufacture-site-12/versions/d7dac8378060630e/files/2cf3ec1cb51710543ae302391d0fd3aef0f8498ebaea8ed807e66bdeb117d730 200
[debug] [2022-05-28T09:08:24.857Z] <<< [apiv2][body] POST https://upload-firebasehosting.googleapis.com/upload/sites/manufacture-site-12/versions/d7dac8378060630e/files/2cf3ec1cb51710543ae302391d0fd3aef0f8498ebaea8ed807e66bdeb117d730 [stream]
[debug] [2022-05-28T09:08:24.857Z] [hosting][upload queue][FINAL] {"max":3885,"min":2438,"avg":3065,"active":0,"complete":7,"success":7,"errored":0,"retried":0,"total":7,"elapsed":3885}
[info] +  hosting[manufacture-site-12]: file upload complete 
[debug] [2022-05-28T09:08:24.858Z] [hosting] deploy completed after 6120ms
[debug] [2022-05-28T09:08:24.862Z] [
  {
    "config": {
      "public": "build",
      "ignore": [
        "firebase.json",
        "**/.*",
        "**/node_modules/**"
      ],
      "rewrites": [
        {
          "source": "**",
          "destination": "/index.html"
        }
      ],
      "site": "manufacture-site-12"
    },
    "site": "manufacture-site-12",
    "version": "projects/807467739106/sites/manufacture-site-12/versions/d7dac8378060630e"
  }
]
[info] i  hosting[manufacture-site-12]: finalizing version... 
[debug] [2022-05-28T09:08:24.864Z] >>> [apiv2][query] PATCH https://firebasehosting.googleapis.com/v1beta1/projects/807467739106/sites/manufacture-site-12/versions/d7dac8378060630e updateMask=status%2Cconfig
[debug] [2022-05-28T09:08:24.864Z] >>> [apiv2][body] PATCH https://firebasehosting.googleapis.com/v1beta1/projects/807467739106/sites/manufacture-site-12/versions/d7dac8378060630e {"status":"FINALIZED","config":{"rewrites":[{"glob":"**","path":"/index.html"}]}}
[debug] [2022-05-28T09:08:26.688Z] <<< [apiv2][status] PATCH https://firebasehosting.googleapis.com/v1beta1/projects/807467739106/sites/manufacture-site-12/versions/d7dac8378060630e 200
[debug] [2022-05-28T09:08:26.688Z] <<< [apiv2][body] PATCH https://firebasehosting.googleapis.com/v1beta1/projects/807467739106/sites/manufacture-site-12/versions/d7dac8378060630e {"name":"projects/807467739106/sites/manufacture-site-12/versions/d7dac8378060630e","status":"FINALIZED","config":{"rewrites":[{"glob":"**","path":"/index.html"}]},"labels":{"deployment-tool":"cli-firebase"},"createTime":"2022-05-28T09:08:19.232545Z","createUser":{"email":"hhera1413@gmail.com"},"finalizeTime":"2022-05-28T09:08:27.467036Z","finalizeUser":{"email":"hhera1413@gmail.com"}}
[debug] [2022-05-28T09:08:26.688Z] [hosting] finalized version for manufacture-site-12:[object Object]
[info] +  hosting[manufacture-site-12]: version finalized 
[info] i  hosting[manufacture-site-12]: releasing new version... 
[debug] [2022-05-28T09:08:26.690Z] >>> [apiv2][query] POST https://firebasehosting.googleapis.com/v1beta1/projects/807467739106/sites/manufacture-site-12/releases versionName=projects%2F807467739106%2Fsites%2Fmanufacture-site-12%2Fversions%2Fd7dac8378060630e
[debug] [2022-05-28T09:08:26.690Z] >>> [apiv2][body] POST https://firebasehosting.googleapis.com/v1beta1/projects/807467739106/sites/manufacture-site-12/releases {"message":null}
[debug] [2022-05-28T09:08:28.504Z] <<< [apiv2][status] POST https://firebasehosting.googleapis.com/v1beta1/projects/807467739106/sites/manufacture-site-12/releases 200
[debug] [2022-05-28T09:08:28.504Z] <<< [apiv2][body] POST https://firebasehosting.googleapis.com/v1beta1/projects/807467739106/sites/manufacture-site-12/releases {"name":"projects/807467739106/sites/manufacture-site-12/releases/1653728908719362","version":{"name":"projects/807467739106/sites/manufacture-site-12/versions/d7dac8378060630e","status":"FINALIZED","config":{"rewrites":[{"glob":"**","path":"/index.html"}]},"labels":{"deployment-tool":"cli-firebase"},"createTime":"2022-05-28T09:08:19.232545Z","createUser":{"email":"hhera1413@gmail.com","imageUrl":"https://lh3.googleusercontent.com/a-/AOh14GikJabocL6aNLuarM7KiDxEWXaNxj6dYeNCpkgj"},"finalizeTime":"2022-05-28T09:08:27.467036Z","finalizeUser":{"email":"hhera1413@gmail.com","imageUrl":"https://lh3.googleusercontent.com/a-/AOh14GikJabocL6aNLuarM7KiDxEWXaNxj6dYeNCpkgj"}},"type":"DEPLOY","releaseTime":"2022-05-28T09:08:28.719362161Z","releaseUser":{"email":"hhera1413@gmail.com","imageUrl":"https://lh3.googleusercontent.com/a-/AOh14GikJabocL6aNLuarM7KiDxEWXaNxj6dYeNCpkgj"}}
[debug] [2022-05-28T09:08:28.504Z] [hosting] release: {"name":"projects/807467739106/sites/manufacture-site-12/releases/1653728908719362","version":{"name":"projects/807467739106/sites/manufacture-site-12/versions/d7dac8378060630e","status":"FINALIZED","config":{"rewrites":[{"glob":"**","path":"/index.html"}]},"labels":{"deployment-tool":"cli-firebase"},"createTime":"2022-05-28T09:08:19.232545Z","createUser":{"email":"hhera1413@gmail.com","imageUrl":"https://lh3.googleusercontent.com/a-/AOh14GikJabocL6aNLuarM7KiDxEWXaNxj6dYeNCpkgj"},"finalizeTime":"2022-05-28T09:08:27.467036Z","finalizeUser":{"email":"hhera1413@gmail.com","imageUrl":"https://lh3.googleusercontent.com/a-/AOh14GikJabocL6aNLuarM7KiDxEWXaNxj6dYeNCpkgj"}},"type":"DEPLOY","releaseTime":"2022-05-28T09:08:28.719362161Z","releaseUser":{"email":"hhera1413@gmail.com","imageUrl":"https://lh3.googleusercontent.com/a-/AOh14GikJabocL6aNLuarM7KiDxEWXaNxj6dYeNCpkgj"}}
[info] +  hosting[manufacture-site-12]: release complete 
